----------Starting Code----------
()
Load Gold Catalog

Load Cluster Catalog

Starting Query Procedure

--------------------
start tile: 257
matching: done
loading main data: done
outfile saved: /data/des61.a/data/johnny/DESY3/data/cutouts/y3_gold_2.2.1_wide_sofcol_run_redmapper_v6.4.22_wv1.2_full_hpx8_00257.hdf5
partial time: 15.47 min
run time    : 15.47 min


--------------------
start tile: 259
matching: done
loading main data: done
outfile saved: /data/des61.a/data/johnny/DESY3/data/cutouts/y3_gold_2.2.1_wide_sofcol_run_redmapper_v6.4.22_wv1.2_full_hpx8_00259.hdf5
partial time: 1.74 min
run time    : 17.21 min


--------------------
start tile: 260
matching: done
loading main data: done
outfile saved: /data/des61.a/data/johnny/DESY3/data/cutouts/y3_gold_2.2.1_wide_sofcol_run_redmapper_v6.4.22_wv1.2_full_hpx8_00260.hdf5
partial time: 20.13 min
run time    : 37.33 min


--------------------
start tile: 261
matching: done
loading main data: done
outfile saved: /data/des61.a/data/johnny/DESY3/data/cutouts/y3_gold_2.2.1_wide_sofcol_run_redmapper_v6.4.22_wv1.2_full_hpx8_00261.hdf5
partial time: 24.36 min
run time    : 61.69 min


--------------------
start tile: 262
matching: done
loading main data: done
outfile saved: /data/des61.a/data/johnny/DESY3/data/cutouts/y3_gold_2.2.1_wide_sofcol_run_redmapper_v6.4.22_wv1.2_full_hpx8_00262.hdf5
partial time: 1.77 min
run time    : 63.46 min


--------------------
start tile: 263
matching: done
loading main data: done
outfile saved: /data/des61.a/data/johnny/DESY3/data/cutouts/y3_gold_2.2.1_wide_sofcol_run_redmapper_v6.4.22_wv1.2_full_hpx8_00263.hdf5
partial time: 2.00 min
run time    : 65.47 min


--------------------
start tile: 269
matching: done
loading main data: done
outfile saved: /data/des61.a/data/johnny/DESY3/data/cutouts/y3_gold_2.2.1_wide_sofcol_run_redmapper_v6.4.22_wv1.2_full_hpx8_00269.hdf5
partial time: 1.81 min
run time    : 67.28 min


--------------------
start tile: 271
matching: done
loading main data: done
outfile saved: /data/des61.a/data/johnny/DESY3/data/cutouts/y3_gold_2.2.1_wide_sofcol_run_redmapper_v6.4.22_wv1.2_full_hpx8_00271.hdf5
partial time: 5.54 min
run time    : 72.82 min


--------------------
start tile: 272
matching: done
loading main data: done
outfile saved: /data/des61.a/data/johnny/DESY3/data/cutouts/y3_gold_2.2.1_wide_sofcol_run_redmapper_v6.4.22_wv1.2_full_hpx8_00272.hdf5
partial time: 18.68 min
run time    : 91.49 min


--------------------
start tile: 273
matching: done
loading main data: done
outfile saved: /data/des61.a/data/johnny/DESY3/data/cutouts/y3_gold_2.2.1_wide_sofcol_run_redmapper_v6.4.22_wv1.2_full_hpx8_00273.hdf5
partial time: 21.59 min
run time    : 113.08 min


--------------------
start tile: 274
matching: done
loading main data: done
outfile saved: /data/des61.a/data/johnny/DESY3/data/cutouts/y3_gold_2.2.1_wide_sofcol_run_redmapper_v6.4.22_wv1.2_full_hpx8_00274.hdf5
partial time: 1.81 min
run time    : 114.89 min


--------------------
start tile: 275
matching: done
loading main data: done
outfile saved: /data/des61.a/data/johnny/DESY3/data/cutouts/y3_gold_2.2.1_wide_sofcol_run_redmapper_v6.4.22_wv1.2_full_hpx8_00275.hdf5
partial time: 8.26 min
run time    : 123.15 min


--------------------
start tile: 276
matching: done
loading main data: done
outfile saved: /data/des61.a/data/johnny/DESY3/data/cutouts/y3_gold_2.2.1_wide_sofcol_run_redmapper_v6.4.22_wv1.2_full_hpx8_00276.hdf5
partial time: 18.84 min
run time    : 141.99 min


--------------------
start tile: 277
matching: done
loading main data: done
outfile saved: /data/des61.a/data/johnny/DESY3/data/cutouts/y3_gold_2.2.1_wide_sofcol_run_redmapper_v6.4.22_wv1.2_full_hpx8_00277.hdf5
partial time: 18.62 min
run time    : 160.61 min


--------------------
start tile: 278
matching: done
loading main data: done
outfile saved: /data/des61.a/data/johnny/DESY3/data/cutouts/y3_gold_2.2.1_wide_sofcol_run_redmapper_v6.4.22_wv1.2_full_hpx8_00278.hdf5
partial time: 22.93 min
run time    : 183.55 min


--------------------
start tile: 279
matching: done
loading main data: done
outfile saved: /data/des61.a/data/johnny/DESY3/data/cutouts/y3_gold_2.2.1_wide_sofcol_run_redmapper_v6.4.22_wv1.2_full_hpx8_00279.hdf5
partial time: 7.53 min
run time    : 191.08 min


--------------------
start tile: 280
matching: done
loading main data: done
outfile saved: /data/des61.a/data/johnny/DESY3/data/cutouts/y3_gold_2.2.1_wide_sofcol_run_redmapper_v6.4.22_wv1.2_full_hpx8_00280.hdf5
partial time: 12.02 min
run time    : 203.10 min


--------------------
start tile: 281
matching: done
loading main data: done
outfile saved: /data/des61.a/data/johnny/DESY3/data/cutouts/y3_gold_2.2.1_wide_sofcol_run_redmapper_v6.4.22_wv1.2_full_hpx8_00281.hdf5
partial time: 21.36 min
run time    : 224.46 min


--------------------
start tile: 282
matching: done
loading main data: done
outfile saved: /data/des61.a/data/johnny/DESY3/data/cutouts/y3_gold_2.2.1_wide_sofcol_run_redmapper_v6.4.22_wv1.2_full_hpx8_00282.hdf5
partial time: 22.37 min
run time    : 246.82 min


--------------------
start tile: 283
matching: done
loading main data: done
outfile saved: /data/des61.a/data/johnny/DESY3/data/cutouts/y3_gold_2.2.1_wide_sofcol_run_redmapper_v6.4.22_wv1.2_full_hpx8_00283.hdf5
partial time: 9.53 min
run time    : 256.36 min


--------------------
start tile: 284
matching: done
loading main data: done
outfile saved: /data/des61.a/data/johnny/DESY3/data/cutouts/y3_gold_2.2.1_wide_sofcol_run_redmapper_v6.4.22_wv1.2_full_hpx8_00284.hdf5
partial time: 8.76 min
run time    : 265.12 min


--------------------
start tile: 285
matching: done
loading main data: done
outfile saved: /data/des61.a/data/johnny/DESY3/data/cutouts/y3_gold_2.2.1_wide_sofcol_run_redmapper_v6.4.22_wv1.2_full_hpx8_00285.hdf5
partial time: 1.61 min
run time    : 266.73 min


--------------------
start tile: 286
matching: done
loading main data: done
outfile saved: /data/des61.a/data/johnny/DESY3/data/cutouts/y3_gold_2.2.1_wide_sofcol_run_redmapper_v6.4.22_wv1.2_full_hpx8_00286.hdf5
partial time: 1.73 min
run time    : 268.46 min


--------------------
start tile: 291
matching: done
loading main data: done
outfile saved: /data/des61.a/data/johnny/DESY3/data/cutouts/y3_gold_2.2.1_wide_sofcol_run_redmapper_v6.4.22_wv1.2_full_hpx8_00291.hdf5
partial time: 1.78 min
run time    : 270.24 min


--------------------
start tile: 292
matching: done
loading main data: done
outfile saved: /data/des61.a/data/johnny/DESY3/data/cutouts/y3_gold_2.2.1_wide_sofcol_run_redmapper_v6.4.22_wv1.2_full_hpx8_00292.hdf5
partial time: 1.79 min
run time    : 272.03 min


--------------------
start tile: 293
matching: done
loading main data: done
outfile saved: /data/des61.a/data/johnny/DESY3/data/cutouts/y3_gold_2.2.1_wide_sofcol_run_redmapper_v6.4.22_wv1.2_full_hpx8_00293.hdf5
partial time: 9.49 min
run time    : 281.52 min


--------------------
start tile: 294
matching: done
loading main data: done
outfile saved: /data/des61.a/data/johnny/DESY3/data/cutouts/y3_gold_2.2.1_wide_sofcol_run_redmapper_v6.4.22_wv1.2_full_hpx8_00294.hdf5
partial time: 9.51 min
run time    : 291.03 min


--------------------
start tile: 295
matching: done
loading main data: done
outfile saved: /data/des61.a/data/johnny/DESY3/data/cutouts/y3_gold_2.2.1_wide_sofcol_run_redmapper_v6.4.22_wv1.2_full_hpx8_00295.hdf5
partial time: 1.75 min
run time    : 292.78 min


--------------------
start tile: 296
matching: done
loading main data: done
outfile saved: /data/des61.a/data/johnny/DESY3/data/cutouts/y3_gold_2.2.1_wide_sofcol_run_redmapper_v6.4.22_wv1.2_full_hpx8_00296.hdf5
partial time: 1.70 min
run time    : 294.48 min


--------------------
start tile: 297
matching: done
loading main data: done
outfile saved: /data/des61.a/data/johnny/DESY3/data/cutouts/y3_gold_2.2.1_wide_sofcol_run_redmapper_v6.4.22_wv1.2_full_hpx8_00297.hdf5
partial time: 10.42 min
run time    : 304.90 min


--------------------
start tile: 298
matching: done
loading main data: done
outfile saved: /data/des61.a/data/johnny/DESY3/data/cutouts/y3_gold_2.2.1_wide_sofcol_run_redmapper_v6.4.22_wv1.2_full_hpx8_00298.hdf5
partial time: 4.45 min
run time    : 309.35 min


--------------------
start tile: 299
matching: done
loading main data: done
outfile saved: /data/des61.a/data/johnny/DESY3/data/cutouts/y3_gold_2.2.1_wide_sofcol_run_redmapper_v6.4.22_wv1.2_full_hpx8_00299.hdf5
partial time: 1.71 min
run time    : 311.06 min


--------------------
start tile: 300
matching: done
loading main data: done
outfile saved: /data/des61.a/data/johnny/DESY3/data/cutouts/y3_gold_2.2.1_wide_sofcol_run_redmapper_v6.4.22_wv1.2_full_hpx8_00300.hdf5
partial time: 1.69 min
run time    : 312.75 min


--------------------
start tile: 304
matching: done
loading main data: done
outfile saved: /data/des61.a/data/johnny/DESY3/data/cutouts/y3_gold_2.2.1_wide_sofcol_run_redmapper_v6.4.22_wv1.2_full_hpx8_00304.hdf5
partial time: 2.07 min
run time    : 314.82 min


--------------------
start tile: 305
matching: done
loading main data: done
outfile saved: /data/des61.a/data/johnny/DESY3/data/cutouts/y3_gold_2.2.1_wide_sofcol_run_redmapper_v6.4.22_wv1.2_full_hpx8_00305.hdf5
partial time: 1.63 min
run time    : 316.45 min


--------------------
start tile: 320
matching: done
loading main data: done
outfile saved: /data/des61.a/data/johnny/DESY3/data/cutouts/y3_gold_2.2.1_wide_sofcol_run_redmapper_v6.4.22_wv1.2_full_hpx8_00320.hdf5
partial time: 8.01 min
run time    : 324.45 min


--------------------
start tile: 321
matching: done
loading main data: done
outfile saved: /data/des61.a/data/johnny/DESY3/data/cutouts/y3_gold_2.2.1_wide_sofcol_run_redmapper_v6.4.22_wv1.2_full_hpx8_00321.hdf5
partial time: 1.67 min
run time    : 326.12 min


--------------------
start tile: 322
matching: done
loading main data: done
outfile saved: /data/des61.a/data/johnny/DESY3/data/cutouts/y3_gold_2.2.1_wide_sofcol_run_redmapper_v6.4.22_wv1.2_full_hpx8_00322.hdf5
partial time: 14.80 min
run time    : 340.92 min


--------------------
start tile: 323
matching: done
loading main data: done
outfile saved: /data/des61.a/data/johnny/DESY3/data/cutouts/y3_gold_2.2.1_wide_sofcol_run_redmapper_v6.4.22_wv1.2_full_hpx8_00323.hdf5
partial time: 5.28 min
run time    : 346.20 min


--------------------
start tile: 328
matching: done
loading main data: done
outfile saved: /data/des61.a/data/johnny/DESY3/data/cutouts/y3_gold_2.2.1_wide_sofcol_run_redmapper_v6.4.22_wv1.2_full_hpx8_00328.hdf5
partial time: 17.89 min
run time    : 364.09 min


--------------------
start tile: 329
matching: done
loading main data: done
outfile saved: /data/des61.a/data/johnny/DESY3/data/cutouts/y3_gold_2.2.1_wide_sofcol_run_redmapper_v6.4.22_wv1.2_full_hpx8_00329.hdf5
partial time: 7.88 min
run time    : 371.97 min


--------------------
start tile: 330
matching: done
loading main data: done
outfile saved: /data/des61.a/data/johnny/DESY3/data/cutouts/y3_gold_2.2.1_wide_sofcol_run_redmapper_v6.4.22_wv1.2_full_hpx8_00330.hdf5
partial time: 8.81 min
run time    : 380.78 min


--------------------
start tile: 331
matching: done
loading main data: done
outfile saved: /data/des61.a/data/johnny/DESY3/data/cutouts/y3_gold_2.2.1_wide_sofcol_run_redmapper_v6.4.22_wv1.2_full_hpx8_00331.hdf5
partial time: 1.67 min
run time    : 382.45 min


--------------------
start tile: 352
matching: done
loading main data: done
outfile saved: /data/des61.a/data/johnny/DESY3/data/cutouts/y3_gold_2.2.1_wide_sofcol_run_redmapper_v6.4.22_wv1.2_full_hpx8_00352.hdf5
partial time: 1.78 min
run time    : 384.23 min


--------------------
start tile: 362
Error: empty tile
partial time: 0.00 min
run time    : 384.23 min


--------------------
start tile: 518
matching: done
loading main data: done
outfile saved: /data/des61.a/data/johnny/DESY3/data/cutouts/y3_gold_2.2.1_wide_sofcol_run_redmapper_v6.4.22_wv1.2_full_hpx8_00518.hdf5
partial time: 2.31 min
run time    : 386.54 min


--------------------
start tile: 519
matching: done
loading main data: done
outfile saved: /data/des61.a/data/johnny/DESY3/data/cutouts/y3_gold_2.2.1_wide_sofcol_run_redmapper_v6.4.22_wv1.2_full_hpx8_00519.hdf5
partial time: 2.37 min
run time    : 388.91 min


--------------------
start tile: 521
matching: done
loading main data: done
outfile saved: /data/des61.a/data/johnny/DESY3/data/cutouts/y3_gold_2.2.1_wide_sofcol_run_redmapper_v6.4.22_wv1.2_full_hpx8_00521.hdf5
partial time: 2.15 min
run time    : 391.06 min


--------------------
start tile: 522
matching: done
loading main data: done
outfile saved: /data/des61.a/data/johnny/DESY3/data/cutouts/y3_gold_2.2.1_wide_sofcol_run_redmapper_v6.4.22_wv1.2_full_hpx8_00522.hdf5
partial time: 2.79 min
run time    : 393.85 min


--------------------
start tile: 523
matching: done
loading main data: done
outfile saved: /data/des61.a/data/johnny/DESY3/data/cutouts/y3_gold_2.2.1_wide_sofcol_run_redmapper_v6.4.22_wv1.2_full_hpx8_00523.hdf5
partial time: 13.29 min
run time    : 407.14 min


--------------------
start tile: 524
matching: done
loading main data: done
outfile saved: /data/des61.a/data/johnny/DESY3/data/cutouts/y3_gold_2.2.1_wide_sofcol_run_redmapper_v6.4.22_wv1.2_full_hpx8_00524.hdf5
partial time: 28.88 min
run time    : 436.02 min


--------------------
start tile: 525
matching: done
loading main data: done
outfile saved: /data/des61.a/data/johnny/DESY3/data/cutouts/y3_gold_2.2.1_wide_sofcol_run_redmapper_v6.4.22_wv1.2_full_hpx8_00525.hdf5
partial time: 25.83 min
run time    : 461.85 min


--------------------
start tile: 526
matching: done
loading main data: done
outfile saved: /data/des61.a/data/johnny/DESY3/data/cutouts/y3_gold_2.2.1_wide_sofcol_run_redmapper_v6.4.22_wv1.2_full_hpx8_00526.hdf5
partial time: 26.55 min
run time    : 488.40 min


--------------------
start tile: 527
matching: done
loading main data: done
outfile saved: /data/des61.a/data/johnny/DESY3/data/cutouts/y3_gold_2.2.1_wide_sofcol_run_redmapper_v6.4.22_wv1.2_full_hpx8_00527.hdf5
partial time: 29.22 min
run time    : 517.61 min


--------------------
start tile: 528
matching: done
loading main data: done
outfile saved: /data/des61.a/data/johnny/DESY3/data/cutouts/y3_gold_2.2.1_wide_sofcol_run_redmapper_v6.4.22_wv1.2_full_hpx8_00528.hdf5
partial time: 1.76 min
run time    : 519.38 min


--------------------
start tile: 529
matching: done
loading main data: done
outfile saved: /data/des61.a/data/johnny/DESY3/data/cutouts/y3_gold_2.2.1_wide_sofcol_run_redmapper_v6.4.22_wv1.2_full_hpx8_00529.hdf5
partial time: 15.85 min
run time    : 535.23 min


--------------------
start tile: 530
matching: done
loading main data: done
outfile saved: /data/des61.a/data/johnny/DESY3/data/cutouts/y3_gold_2.2.1_wide_sofcol_run_redmapper_v6.4.22_wv1.2_full_hpx8_00530.hdf5
partial time: 20.46 min
run time    : 555.69 min


--------------------
start tile: 531
matching: done
loading main data: done
outfile saved: /data/des61.a/data/johnny/DESY3/data/cutouts/y3_gold_2.2.1_wide_sofcol_run_redmapper_v6.4.22_wv1.2_full_hpx8_00531.hdf5
partial time: 24.56 min
run time    : 580.24 min


--------------------
start tile: 532
matching: done
loading main data: done
outfile saved: /data/des61.a/data/johnny/DESY3/data/cutouts/y3_gold_2.2.1_wide_sofcol_run_redmapper_v6.4.22_wv1.2_full_hpx8_00532.hdf5
partial time: 17.87 min
run time    : 598.12 min


--------------------
start tile: 533
matching: done
loading main data: done
outfile saved: /data/des61.a/data/johnny/DESY3/data/cutouts/y3_gold_2.2.1_wide_sofcol_run_redmapper_v6.4.22_wv1.2_full_hpx8_00533.hdf5
partial time: 12.90 min
run time    : 611.02 min


--------------------
start tile: 534
matching: done
loading main data: done
outfile saved: /data/des61.a/data/johnny/DESY3/data/cutouts/y3_gold_2.2.1_wide_sofcol_run_redmapper_v6.4.22_wv1.2_full_hpx8_00534.hdf5
partial time: 24.45 min
run time    : 635.46 min


--------------------
start tile: 535
matching: done
loading main data: done
outfile saved: /data/des61.a/data/johnny/DESY3/data/cutouts/y3_gold_2.2.1_wide_sofcol_run_redmapper_v6.4.22_wv1.2_full_hpx8_00535.hdf5
partial time: 17.86 min
run time    : 653.32 min


--------------------
start tile: 536
matching: done
loading main data: done
outfile saved: /data/des61.a/data/johnny/DESY3/data/cutouts/y3_gold_2.2.1_wide_sofcol_run_redmapper_v6.4.22_wv1.2_full_hpx8_00536.hdf5
partial time: 27.52 min
run time    : 680.84 min


--------------------
start tile: 537
matching: done
loading main data: done
outfile saved: /data/des61.a/data/johnny/DESY3/data/cutouts/y3_gold_2.2.1_wide_sofcol_run_redmapper_v6.4.22_wv1.2_full_hpx8_00537.hdf5
partial time: 20.52 min
run time    : 701.36 min


--------------------
start tile: 538
matching: done
loading main data: done
outfile saved: /data/des61.a/data/johnny/DESY3/data/cutouts/y3_gold_2.2.1_wide_sofcol_run_redmapper_v6.4.22_wv1.2_full_hpx8_00538.hdf5
partial time: 26.87 min
run time    : 728.22 min


--------------------
start tile: 539
matching: done
loading main data: done
outfile saved: /data/des61.a/data/johnny/DESY3/data/cutouts/y3_gold_2.2.1_wide_sofcol_run_redmapper_v6.4.22_wv1.2_full_hpx8_00539.hdf5
partial time: 20.74 min
run time    : 748.97 min


--------------------
start tile: 540
matching: done
loading main data: done
outfile saved: /data/des61.a/data/johnny/DESY3/data/cutouts/y3_gold_2.2.1_wide_sofcol_run_redmapper_v6.4.22_wv1.2_full_hpx8_00540.hdf5
partial time: 24.34 min
run time    : 773.31 min


--------------------
start tile: 541
matching: done
loading main data: done
outfile saved: /data/des61.a/data/johnny/DESY3/data/cutouts/y3_gold_2.2.1_wide_sofcol_run_redmapper_v6.4.22_wv1.2_full_hpx8_00541.hdf5
partial time: 15.96 min
run time    : 789.27 min


--------------------
start tile: 542
matching: done
loading main data: done
outfile saved: /data/des61.a/data/johnny/DESY3/data/cutouts/y3_gold_2.2.1_wide_sofcol_run_redmapper_v6.4.22_wv1.2_full_hpx8_00542.hdf5
partial time: 20.47 min
run time    : 809.73 min


--------------------
start tile: 543
matching: done
loading main data: done
outfile saved: /data/des61.a/data/johnny/DESY3/data/cutouts/y3_gold_2.2.1_wide_sofcol_run_redmapper_v6.4.22_wv1.2_full_hpx8_00543.hdf5
partial time: 19.38 min
run time    : 829.11 min


--------------------
start tile: 544
matching: done
loading main data: done
outfile saved: /data/des61.a/data/johnny/DESY3/data/cutouts/y3_gold_2.2.1_wide_sofcol_run_redmapper_v6.4.22_wv1.2_full_hpx8_00544.hdf5
partial time: 21.69 min
run time    : 850.81 min


--------------------
start tile: 545
matching: done
loading main data: done
outfile saved: /data/des61.a/data/johnny/DESY3/data/cutouts/y3_gold_2.2.1_wide_sofcol_run_redmapper_v6.4.22_wv1.2_full_hpx8_00545.hdf5
partial time: 13.79 min
run time    : 864.60 min


--------------------
start tile: 546
matching: done
loading main data: done
outfile saved: /data/des61.a/data/johnny/DESY3/data/cutouts/y3_gold_2.2.1_wide_sofcol_run_redmapper_v6.4.22_wv1.2_full_hpx8_00546.hdf5
partial time: 18.89 min
run time    : 883.48 min


--------------------
start tile: 547
matching: done
loading main data: done
outfile saved: /data/des61.a/data/johnny/DESY3/data/cutouts/y3_gold_2.2.1_wide_sofcol_run_redmapper_v6.4.22_wv1.2_full_hpx8_00547.hdf5
partial time: 19.05 min
run time    : 902.54 min


--------------------
start tile: 548
matching: done
loading main data: done
outfile saved: /data/des61.a/data/johnny/DESY3/data/cutouts/y3_gold_2.2.1_wide_sofcol_run_redmapper_v6.4.22_wv1.2_full_hpx8_00548.hdf5
partial time: 26.83 min
run time    : 929.37 min


--------------------
start tile: 549
matching: done
loading main data: done
outfile saved: /data/des61.a/data/johnny/DESY3/data/cutouts/y3_gold_2.2.1_wide_sofcol_run_redmapper_v6.4.22_wv1.2_full_hpx8_00549.hdf5
partial time: 21.84 min
run time    : 951.21 min


--------------------
start tile: 550
matching: done
loading main data: done
outfile saved: /data/des61.a/data/johnny/DESY3/data/cutouts/y3_gold_2.2.1_wide_sofcol_run_redmapper_v6.4.22_wv1.2_full_hpx8_00550.hdf5
partial time: 22.94 min
run time    : 974.16 min


--------------------
start tile: 551
matching: done
loading main data: done
outfile saved: /data/des61.a/data/johnny/DESY3/data/cutouts/y3_gold_2.2.1_wide_sofcol_run_redmapper_v6.4.22_wv1.2_full_hpx8_00551.hdf5
partial time: 25.73 min
run time    : 999.88 min


--------------------
start tile: 552
matching: done
loading main data: done
outfile saved: /data/des61.a/data/johnny/DESY3/data/cutouts/y3_gold_2.2.1_wide_sofcol_run_redmapper_v6.4.22_wv1.2_full_hpx8_00552.hdf5
partial time: 19.61 min
run time    : 1019.50 min


--------------------
start tile: 553
matching: done
loading main data: done
outfile saved: /data/des61.a/data/johnny/DESY3/data/cutouts/y3_gold_2.2.1_wide_sofcol_run_redmapper_v6.4.22_wv1.2_full_hpx8_00553.hdf5
partial time: 20.78 min
run time    : 1040.28 min


--------------------
start tile: 554
matching: done
loading main data: done
outfile saved: /data/des61.a/data/johnny/DESY3/data/cutouts/y3_gold_2.2.1_wide_sofcol_run_redmapper_v6.4.22_wv1.2_full_hpx8_00554.hdf5
partial time: 12.59 min
run time    : 1052.87 min


--------------------
start tile: 555
matching: done
loading main data: done
outfile saved: /data/des61.a/data/johnny/DESY3/data/cutouts/y3_gold_2.2.1_wide_sofcol_run_redmapper_v6.4.22_wv1.2_full_hpx8_00555.hdf5
partial time: 21.32 min
run time    : 1074.19 min


--------------------
start tile: 556
matching: done
loading main data: done
outfile saved: /data/des61.a/data/johnny/DESY3/data/cutouts/y3_gold_2.2.1_wide_sofcol_run_redmapper_v6.4.22_wv1.2_full_hpx8_00556.hdf5
partial time: 21.95 min
run time    : 1096.14 min


--------------------
start tile: 557
matching: done
loading main data: done
outfile saved: /data/des61.a/data/johnny/DESY3/data/cutouts/y3_gold_2.2.1_wide_sofcol_run_redmapper_v6.4.22_wv1.2_full_hpx8_00557.hdf5
partial time: 21.78 min
run time    : 1117.92 min


--------------------
start tile: 558
matching: done
loading main data: done
outfile saved: /data/des61.a/data/johnny/DESY3/data/cutouts/y3_gold_2.2.1_wide_sofcol_run_redmapper_v6.4.22_wv1.2_full_hpx8_00558.hdf5
partial time: 17.96 min
run time    : 1135.87 min


--------------------
start tile: 559
matching: done
loading main data: done
outfile saved: /data/des61.a/data/johnny/DESY3/data/cutouts/y3_gold_2.2.1_wide_sofcol_run_redmapper_v6.4.22_wv1.2_full_hpx8_00559.hdf5
partial time: 20.56 min
run time    : 1156.44 min


--------------------
start tile: 560
matching: done
loading main data: done
outfile saved: /data/des61.a/data/johnny/DESY3/data/cutouts/y3_gold_2.2.1_wide_sofcol_run_redmapper_v6.4.22_wv1.2_full_hpx8_00560.hdf5
partial time: 15.83 min
run time    : 1172.27 min


--------------------
start tile: 561
matching: done
loading main data: done
outfile saved: /data/des61.a/data/johnny/DESY3/data/cutouts/y3_gold_2.2.1_wide_sofcol_run_redmapper_v6.4.22_wv1.2_full_hpx8_00561.hdf5
partial time: 21.11 min
run time    : 1193.38 min


--------------------
start tile: 562
matching: done
loading main data: done
outfile saved: /data/des61.a/data/johnny/DESY3/data/cutouts/y3_gold_2.2.1_wide_sofcol_run_redmapper_v6.4.22_wv1.2_full_hpx8_00562.hdf5
partial time: 23.28 min
run time    : 1216.66 min


--------------------
start tile: 563
matching: done
loading main data: done
outfile saved: /data/des61.a/data/johnny/DESY3/data/cutouts/y3_gold_2.2.1_wide_sofcol_run_redmapper_v6.4.22_wv1.2_full_hpx8_00563.hdf5
partial time: 20.54 min
run time    : 1237.19 min


--------------------
start tile: 564
matching: done
loading main data: done
outfile saved: /data/des61.a/data/johnny/DESY3/data/cutouts/y3_gold_2.2.1_wide_sofcol_run_redmapper_v6.4.22_wv1.2_full_hpx8_00564.hdf5
partial time: 21.68 min
run time    : 1258.87 min


--------------------
start tile: 565
matching: done
loading main data: done
outfile saved: /data/des61.a/data/johnny/DESY3/data/cutouts/y3_gold_2.2.1_wide_sofcol_run_redmapper_v6.4.22_wv1.2_full_hpx8_00565.hdf5
partial time: 18.98 min
run time    : 1277.85 min


--------------------
start tile: 566
matching: done
loading main data: done
outfile saved: /data/des61.a/data/johnny/DESY3/data/cutouts/y3_gold_2.2.1_wide_sofcol_run_redmapper_v6.4.22_wv1.2_full_hpx8_00566.hdf5
partial time: 15.06 min
run time    : 1292.92 min


--------------------
start tile: 567
matching: done
loading main data: done
outfile saved: /data/des61.a/data/johnny/DESY3/data/cutouts/y3_gold_2.2.1_wide_sofcol_run_redmapper_v6.4.22_wv1.2_full_hpx8_00567.hdf5
partial time: 10.08 min
run time    : 1303.00 min


--------------------
start tile: 568
matching: done
loading main data: done
outfile saved: /data/des61.a/data/johnny/DESY3/data/cutouts/y3_gold_2.2.1_wide_sofcol_run_redmapper_v6.4.22_wv1.2_full_hpx8_00568.hdf5
partial time: 24.27 min
run time    : 1327.27 min


--------------------
start tile: 569
matching: done
loading main data: done
outfile saved: /data/des61.a/data/johnny/DESY3/data/cutouts/y3_gold_2.2.1_wide_sofcol_run_redmapper_v6.4.22_wv1.2_full_hpx8_00569.hdf5
partial time: 19.64 min
run time    : 1346.91 min


--------------------
start tile: 570
matching: done
loading main data: done
outfile saved: /data/des61.a/data/johnny/DESY3/data/cutouts/y3_gold_2.2.1_wide_sofcol_run_redmapper_v6.4.22_wv1.2_full_hpx8_00570.hdf5
partial time: 25.66 min
run time    : 1372.57 min


--------------------
start tile: 571
matching: done
loading main data: done
outfile saved: /data/des61.a/data/johnny/DESY3/data/cutouts/y3_gold_2.2.1_wide_sofcol_run_redmapper_v6.4.22_wv1.2_full_hpx8_00571.hdf5
partial time: 19.98 min
run time    : 1392.55 min


--------------------
start tile: 572
matching: done
loading main data: done
outfile saved: /data/des61.a/data/johnny/DESY3/data/cutouts/y3_gold_2.2.1_wide_sofcol_run_redmapper_v6.4.22_wv1.2_full_hpx8_00572.hdf5
partial time: 14.53 min
run time    : 1407.08 min


--------------------
start tile: 573
matching: done
loading main data: done
outfile saved: /data/des61.a/data/johnny/DESY3/data/cutouts/y3_gold_2.2.1_wide_sofcol_run_redmapper_v6.4.22_wv1.2_full_hpx8_00573.hdf5
partial time: 3.39 min
run time    : 1410.46 min


--------------------
start tile: 574
matching: done
loading main data: done
outfile saved: /data/des61.a/data/johnny/DESY3/data/cutouts/y3_gold_2.2.1_wide_sofcol_run_redmapper_v6.4.22_wv1.2_full_hpx8_00574.hdf5
partial time: 15.44 min
run time    : 1425.91 min


--------------------
start tile: 575
matching: done
loading main data: done
outfile saved: /data/des61.a/data/johnny/DESY3/data/cutouts/y3_gold_2.2.1_wide_sofcol_run_redmapper_v6.4.22_wv1.2_full_hpx8_00575.hdf5
partial time: 4.85 min
run time    : 1430.76 min


--------------------
start tile: 608
matching: done
loading main data: done
outfile saved: /data/des61.a/data/johnny/DESY3/data/cutouts/y3_gold_2.2.1_wide_sofcol_run_redmapper_v6.4.22_wv1.2_full_hpx8_00608.hdf5
partial time: 1.89 min
run time    : 1432.65 min


--------------------
start tile: 610
matching: done
loading main data: done
outfile saved: /data/des61.a/data/johnny/DESY3/data/cutouts/y3_gold_2.2.1_wide_sofcol_run_redmapper_v6.4.22_wv1.2_full_hpx8_00610.hdf5
partial time: 3.37 min
run time    : 1436.02 min


--------------------
start tile: 616
matching: done
loading main data: done
outfile saved: /data/des61.a/data/johnny/DESY3/data/cutouts/y3_gold_2.2.1_wide_sofcol_run_redmapper_v6.4.22_wv1.2_full_hpx8_00616.hdf5
partial time: 5.60 min
run time    : 1441.61 min


--------------------
start tile: 618
matching: done
loading main data: done
outfile saved: /data/des61.a/data/johnny/DESY3/data/cutouts/y3_gold_2.2.1_wide_sofcol_run_redmapper_v6.4.22_wv1.2_full_hpx8_00618.hdf5
partial time: 5.78 min
run time    : 1447.40 min


--------------------
start tile: 709
matching: done
loading main data: done
outfile saved: /data/des61.a/data/johnny/DESY3/data/cutouts/y3_gold_2.2.1_wide_sofcol_run_redmapper_v6.4.22_wv1.2_full_hpx8_00709.hdf5
partial time: 3.76 min
run time    : 1451.15 min


--------------------
start tile: 710
matching: done
loading main data: done
outfile saved: /data/des61.a/data/johnny/DESY3/data/cutouts/y3_gold_2.2.1_wide_sofcol_run_redmapper_v6.4.22_wv1.2_full_hpx8_00710.hdf5
partial time: 3.01 min
run time    : 1454.16 min


--------------------
start tile: 711
matching: done
loading main data: done
outfile saved: /data/des61.a/data/johnny/DESY3/data/cutouts/y3_gold_2.2.1_wide_sofcol_run_redmapper_v6.4.22_wv1.2_full_hpx8_00711.hdf5
partial time: 19.83 min
run time    : 1473.99 min


--------------------
start tile: 713
matching: done
loading main data: done
outfile saved: /data/des61.a/data/johnny/DESY3/data/cutouts/y3_gold_2.2.1_wide_sofcol_run_redmapper_v6.4.22_wv1.2_full_hpx8_00713.hdf5
partial time: 1.84 min
run time    : 1475.83 min


--------------------
start tile: 715
matching: done
loading main data: done
outfile saved: /data/des61.a/data/johnny/DESY3/data/cutouts/y3_gold_2.2.1_wide_sofcol_run_redmapper_v6.4.22_wv1.2_full_hpx8_00715.hdf5
partial time: 1.80 min
run time    : 1477.63 min


--------------------
start tile: 716
matching: done
loading main data: done
outfile saved: /data/des61.a/data/johnny/DESY3/data/cutouts/y3_gold_2.2.1_wide_sofcol_run_redmapper_v6.4.22_wv1.2_full_hpx8_00716.hdf5
partial time: 14.22 min
run time    : 1491.85 min


--------------------
start tile: 717
matching: done
loading main data: done
outfile saved: /data/des61.a/data/johnny/DESY3/data/cutouts/y3_gold_2.2.1_wide_sofcol_run_redmapper_v6.4.22_wv1.2_full_hpx8_00717.hdf5
partial time: 18.08 min
run time    : 1509.93 min


--------------------
start tile: 718
matching: done
loading main data: done
outfile saved: /data/des61.a/data/johnny/DESY3/data/cutouts/y3_gold_2.2.1_wide_sofcol_run_redmapper_v6.4.22_wv1.2_full_hpx8_00718.hdf5
partial time: 16.44 min
run time    : 1526.37 min


--------------------
start tile: 719
matching: done
loading main data: done
outfile saved: /data/des61.a/data/johnny/DESY3/data/cutouts/y3_gold_2.2.1_wide_sofcol_run_redmapper_v6.4.22_wv1.2_full_hpx8_00719.hdf5
partial time: 12.70 min
run time    : 1539.07 min


--------------------
start tile: 720
matching: done
loading main data: done
outfile saved: /data/des61.a/data/johnny/DESY3/data/cutouts/y3_gold_2.2.1_wide_sofcol_run_redmapper_v6.4.22_wv1.2_full_hpx8_00720.hdf5
partial time: 26.73 min
run time    : 1565.81 min


--------------------
start tile: 721
matching: done
loading main data: done
outfile saved: /data/des61.a/data/johnny/DESY3/data/cutouts/y3_gold_2.2.1_wide_sofcol_run_redmapper_v6.4.22_wv1.2_full_hpx8_00721.hdf5
partial time: 32.53 min
run time    : 1598.33 min


--------------------
start tile: 722
matching: done
loading main data: done
outfile saved: /data/des61.a/data/johnny/DESY3/data/cutouts/y3_gold_2.2.1_wide_sofcol_run_redmapper_v6.4.22_wv1.2_full_hpx8_00722.hdf5
partial time: 26.44 min
run time    : 1624.77 min


--------------------
start tile: 723
matching: done
loading main data: done
outfile saved: /data/des61.a/data/johnny/DESY3/data/cutouts/y3_gold_2.2.1_wide_sofcol_run_redmapper_v6.4.22_wv1.2_full_hpx8_00723.hdf5
partial time: 12.74 min
run time    : 1637.51 min


--------------------
start tile: 724
matching: done
loading main data: done
outfile saved: /data/des61.a/data/johnny/DESY3/data/cutouts/y3_gold_2.2.1_wide_sofcol_run_redmapper_v6.4.22_wv1.2_full_hpx8_00724.hdf5
partial time: 30.10 min
run time    : 1667.61 min


--------------------
start tile: 725
matching: done
loading main data: done
outfile saved: /data/des61.a/data/johnny/DESY3/data/cutouts/y3_gold_2.2.1_wide_sofcol_run_redmapper_v6.4.22_wv1.2_full_hpx8_00725.hdf5
partial time: 14.33 min
run time    : 1681.93 min


--------------------
start tile: 726
matching: done
loading main data: done
outfile saved: /data/des61.a/data/johnny/DESY3/data/cutouts/y3_gold_2.2.1_wide_sofcol_run_redmapper_v6.4.22_wv1.2_full_hpx8_00726.hdf5
partial time: 16.41 min
run time    : 1698.34 min


--------------------
start tile: 727
matching: done
loading main data: done
outfile saved: /data/des61.a/data/johnny/DESY3/data/cutouts/y3_gold_2.2.1_wide_sofcol_run_redmapper_v6.4.22_wv1.2_full_hpx8_00727.hdf5
partial time: 1.61 min
run time    : 1699.94 min


--------------------
start tile: 728
matching: done
loading main data: done
outfile saved: /data/des61.a/data/johnny/DESY3/data/cutouts/y3_gold_2.2.1_wide_sofcol_run_redmapper_v6.4.22_wv1.2_full_hpx8_00728.hdf5
partial time: 16.59 min
run time    : 1716.53 min


--------------------
start tile: 729
matching: done
loading main data: done
outfile saved: /data/des61.a/data/johnny/DESY3/data/cutouts/y3_gold_2.2.1_wide_sofcol_run_redmapper_v6.4.22_wv1.2_full_hpx8_00729.hdf5
partial time: 10.18 min
run time    : 1726.71 min


--------------------
start tile: 730
matching: done
loading main data: done
outfile saved: /data/des61.a/data/johnny/DESY3/data/cutouts/y3_gold_2.2.1_wide_sofcol_run_redmapper_v6.4.22_wv1.2_full_hpx8_00730.hdf5
partial time: 12.50 min
run time    : 1739.21 min


--------------------
start tile: 731
matching: done
loading main data: done
outfile saved: /data/des61.a/data/johnny/DESY3/data/cutouts/y3_gold_2.2.1_wide_sofcol_run_redmapper_v6.4.22_wv1.2_full_hpx8_00731.hdf5
partial time: 1.58 min
run time    : 1740.79 min


--------------------
start tile: 732
matching: done
loading main data: done
outfile saved: /data/des61.a/data/johnny/DESY3/data/cutouts/y3_gold_2.2.1_wide_sofcol_run_redmapper_v6.4.22_wv1.2_full_hpx8_00732.hdf5
partial time: 1.59 min
run time    : 1742.38 min


--------------------
start tile: 737
matching: done
loading main data: done
outfile saved: /data/des61.a/data/johnny/DESY3/data/cutouts/y3_gold_2.2.1_wide_sofcol_run_redmapper_v6.4.22_wv1.2_full_hpx8_00737.hdf5
partial time: 1.56 min
run time    : 1743.94 min


--------------------
start tile: 740
matching: done
loading main data: done
outfile saved: /data/des61.a/data/johnny/DESY3/data/cutouts/y3_gold_2.2.1_wide_sofcol_run_redmapper_v6.4.22_wv1.2_full_hpx8_00740.hdf5
partial time: 1.94 min
run time    : 1745.88 min


--------------------
start tile: 741
matching: done
loading main data: done
outfile saved: /data/des61.a/data/johnny/DESY3/data/cutouts/y3_gold_2.2.1_wide_sofcol_run_redmapper_v6.4.22_wv1.2_full_hpx8_00741.hdf5
partial time: 3.65 min
run time    : 1749.53 min


--------------------
start tile: 752
matching: done
loading main data: done
outfile saved: /data/des61.a/data/johnny/DESY3/data/cutouts/y3_gold_2.2.1_wide_sofcol_run_redmapper_v6.4.22_wv1.2_full_hpx8_00752.hdf5
partial time: 1.87 min
run time    : 1751.40 min


--------------------
start tile: 767
matching: done
loading main data: done
outfile saved: /data/des61.a/data/johnny/DESY3/data/cutouts/y3_gold_2.2.1_wide_sofcol_run_redmapper_v6.4.22_wv1.2_full_hpx8_00767.hdf5
partial time: 1.60 min
run time    : 1753.00 min


It is done!
Total time: 1753.00 hours 

