master file: 
 /data/des61.a/data/johnny/DESY3/data/output/tiles/y3_gold_2.2.1_wide_sofcol_run_redmapper_v6.4.22_wv1.2_full_copa_v2.1_00616.hdf5
/data/des61.a/data/johnny/DESY3/data/output/tiles/y3_gold_2.2.1_wide_sofcol_run_redmapper_v6.4.22_wv1.2_full_copa_v2.1_00618.hdf5
/data/des61.a/data/johnny/DESY3/data/output/tiles/y3_gold_2.2.1_wide_sofcol_run_redmapper_v6.4.22_wv1.2_full_copa_v2.1_00709.hdf5
/data/des61.a/data/johnny/DESY3/data/output/tiles/y3_gold_2.2.1_wide_sofcol_run_redmapper_v6.4.22_wv1.2_full_copa_v2.1_00710.hdf5
/data/des61.a/data/johnny/DESY3/data/output/tiles/y3_gold_2.2.1_wide_sofcol_run_redmapper_v6.4.22_wv1.2_full_copa_v2.1_00711.hdf5
/data/des61.a/data/johnny/DESY3/data/output/tiles/y3_gold_2.2.1_wide_sofcol_run_redmapper_v6.4.22_wv1.2_full_copa_v2.1_00713.hdf5
/data/des61.a/data/johnny/DESY3/data/output/tiles/y3_gold_2.2.1_wide_sofcol_run_redmapper_v6.4.22_wv1.2_full_copa_v2.1_00715.hdf5
/data/des61.a/data/johnny/DESY3/data/output/tiles/y3_gold_2.2.1_wide_sofcol_run_redmapper_v6.4.22_wv1.2_full_copa_v2.1_00716.hdf5
/data/des61.a/data/johnny/DESY3/data/output/tiles/y3_gold_2.2.1_wide_sofcol_run_redmapper_v6.4.22_wv1.2_full_copa_v2.1_00717.hdf5
/data/des61.a/data/johnny/DESY3/data/output/tiles/y3_gold_2.2.1_wide_sofcol_run_redmapper_v6.4.22_wv1.2_full_copa_v2.1_00718.hdf5
/data/des61.a/data/johnny/DESY3/data/output/tiles/y3_gold_2.2.1_wide_sofcol_run_redmapper_v6.4.22_wv1.2_full_copa_v2.1_00719.hdf5
/data/des61.a/data/johnny/DESY3/data/output/tiles/y3_gold_2.2.1_wide_sofcol_run_redmapper_v6.4.22_wv1.2_full_copa_v2.1_00720.hdf5
/data/des61.a/data/johnny/DESY3/data/output/tiles/y3_gold_2.2.1_wide_sofcol_run_redmapper_v6.4.22_wv1.2_full_copa_v2.1_00721.hdf5
/data/des61.a/data/johnny/DESY3/data/output/tiles/y3_gold_2.2.1_wide_sofcol_run_redmapper_v6.4.22_wv1.2_full_copa_v2.1_00722.hdf5
/data/des61.a/data/johnny/DESY3/data/output/tiles/y3_gold_2.2.1_wide_sofcol_run_redmapper_v6.4.22_wv1.2_full_copa_v2.1_00723.hdf5
/data/des61.a/data/johnny/DESY3/data/output/tiles/y3_gold_2.2.1_wide_sofcol_run_redmapper_v6.4.22_wv1.2_full_copa_v2.1_00724.hdf5
/data/des61.a/data/johnny/DESY3/data/output/tiles/y3_gold_2.2.1_wide_sofcol_run_redmapper_v6.4.22_wv1.2_full_copa_v2.1_00725.hdf5
/data/des61.a/data/johnny/DESY3/data/output/tiles/y3_gold_2.2.1_wide_sofcol_run_redmapper_v6.4.22_wv1.2_full_copa_v2.1_00726.hdf5
/data/des61.a/data/johnny/DESY3/data/output/tiles/y3_gold_2.2.1_wide_sofcol_run_redmapper_v6.4.22_wv1.2_full_copa_v2.1_00727.hdf5
/data/des61.a/data/johnny/DESY3/data/output/tiles/y3_gold_2.2.1_wide_sofcol_run_redmapper_v6.4.22_wv1.2_full_copa_v2.1_00728.hdf5
/data/des61.a/data/johnny/DESY3/data/output/tiles/y3_gold_2.2.1_wide_sofcol_run_redmapper_v6.4.22_wv1.2_full_copa_v2.1_00729.hdf5
/data/des61.a/data/johnny/DESY3/data/output/tiles/y3_gold_2.2.1_wide_sofcol_run_redmapper_v6.4.22_wv1.2_full_copa_v2.1_00730.hdf5
/data/des61.a/data/johnny/DESY3/data/output/tiles/y3_gold_2.2.1_wide_sofcol_run_redmapper_v6.4.22_wv1.2_full_copa_v2.1_00731.hdf5
/data/des61.a/data/johnny/DESY3/data/output/tiles/y3_gold_2.2.1_wide_sofcol_run_redmapper_v6.4.22_wv1.2_full_copa_v2.1_00732.hdf5
/data/des61.a/data/johnny/DESY3/data/output/tiles/y3_gold_2.2.1_wide_sofcol_run_redmapper_v6.4.22_wv1.2_full_copa_v2.1_00737.hdf5
/data/des61.a/data/johnny/DESY3/data/output/tiles/y3_gold_2.2.1_wide_sofcol_run_redmapper_v6.4.22_wv1.2_full_copa_v2.1_00740.hdf5
/data/des61.a/data/johnny/DESY3/data/output/tiles/y3_gold_2.2.1_wide_sofcol_run_redmapper_v6.4.22_wv1.2_full_copa_v2.1_00741.hdf5
/data/des61.a/data/johnny/DESY3/data/output/tiles/y3_gold_2.2.1_wide_sofcol_run_redmapper_v6.4.22_wv1.2_full_copa_v2.1_00752.hdf5
/data/des61.a/data/johnny/DESY3/data/output/tiles/y3_gold_2.2.1_wide_sofcol_run_redmapper_v6.4.22_wv1.2_full_copa_v2.1_00767.hdf5
outdir: /data/des61.a/data/johnny/DESY3/data/output/
tile path: /data/des61.a/data/johnny/DESY3/data/output/tiles
Running pre_processing_healpix() instead 

