master file: 
 /data/des61.a/data/johnny/DESY3/data/output/tiles/y3_gold_2.2.1_wide_sofcol_run_redmapper_v6.4.22_wv1.2_full_copa_v2.1_00543.hdf5
/data/des61.a/data/johnny/DESY3/data/output/tiles/y3_gold_2.2.1_wide_sofcol_run_redmapper_v6.4.22_wv1.2_full_copa_v2.1_00544.hdf5
/data/des61.a/data/johnny/DESY3/data/output/tiles/y3_gold_2.2.1_wide_sofcol_run_redmapper_v6.4.22_wv1.2_full_copa_v2.1_00545.hdf5
/data/des61.a/data/johnny/DESY3/data/output/tiles/y3_gold_2.2.1_wide_sofcol_run_redmapper_v6.4.22_wv1.2_full_copa_v2.1_00546.hdf5
/data/des61.a/data/johnny/DESY3/data/output/tiles/y3_gold_2.2.1_wide_sofcol_run_redmapper_v6.4.22_wv1.2_full_copa_v2.1_00547.hdf5
/data/des61.a/data/johnny/DESY3/data/output/tiles/y3_gold_2.2.1_wide_sofcol_run_redmapper_v6.4.22_wv1.2_full_copa_v2.1_00548.hdf5
/data/des61.a/data/johnny/DESY3/data/output/tiles/y3_gold_2.2.1_wide_sofcol_run_redmapper_v6.4.22_wv1.2_full_copa_v2.1_00549.hdf5
/data/des61.a/data/johnny/DESY3/data/output/tiles/y3_gold_2.2.1_wide_sofcol_run_redmapper_v6.4.22_wv1.2_full_copa_v2.1_00550.hdf5
/data/des61.a/data/johnny/DESY3/data/output/tiles/y3_gold_2.2.1_wide_sofcol_run_redmapper_v6.4.22_wv1.2_full_copa_v2.1_00551.hdf5
/data/des61.a/data/johnny/DESY3/data/output/tiles/y3_gold_2.2.1_wide_sofcol_run_redmapper_v6.4.22_wv1.2_full_copa_v2.1_00552.hdf5
/data/des61.a/data/johnny/DESY3/data/output/tiles/y3_gold_2.2.1_wide_sofcol_run_redmapper_v6.4.22_wv1.2_full_copa_v2.1_00553.hdf5
/data/des61.a/data/johnny/DESY3/data/output/tiles/y3_gold_2.2.1_wide_sofcol_run_redmapper_v6.4.22_wv1.2_full_copa_v2.1_00554.hdf5
/data/des61.a/data/johnny/DESY3/data/output/tiles/y3_gold_2.2.1_wide_sofcol_run_redmapper_v6.4.22_wv1.2_full_copa_v2.1_00555.hdf5
/data/des61.a/data/johnny/DESY3/data/output/tiles/y3_gold_2.2.1_wide_sofcol_run_redmapper_v6.4.22_wv1.2_full_copa_v2.1_00556.hdf5
/data/des61.a/data/johnny/DESY3/data/output/tiles/y3_gold_2.2.1_wide_sofcol_run_redmapper_v6.4.22_wv1.2_full_copa_v2.1_00557.hdf5
/data/des61.a/data/johnny/DESY3/data/output/tiles/y3_gold_2.2.1_wide_sofcol_run_redmapper_v6.4.22_wv1.2_full_copa_v2.1_00558.hdf5
/data/des61.a/data/johnny/DESY3/data/output/tiles/y3_gold_2.2.1_wide_sofcol_run_redmapper_v6.4.22_wv1.2_full_copa_v2.1_00559.hdf5
/data/des61.a/data/johnny/DESY3/data/output/tiles/y3_gold_2.2.1_wide_sofcol_run_redmapper_v6.4.22_wv1.2_full_copa_v2.1_00560.hdf5
/data/des61.a/data/johnny/DESY3/data/output/tiles/y3_gold_2.2.1_wide_sofcol_run_redmapper_v6.4.22_wv1.2_full_copa_v2.1_00561.hdf5
/data/des61.a/data/johnny/DESY3/data/output/tiles/y3_gold_2.2.1_wide_sofcol_run_redmapper_v6.4.22_wv1.2_full_copa_v2.1_00562.hdf5
/data/des61.a/data/johnny/DESY3/data/output/tiles/y3_gold_2.2.1_wide_sofcol_run_redmapper_v6.4.22_wv1.2_full_copa_v2.1_00563.hdf5
/data/des61.a/data/johnny/DESY3/data/output/tiles/y3_gold_2.2.1_wide_sofcol_run_redmapper_v6.4.22_wv1.2_full_copa_v2.1_00564.hdf5
/data/des61.a/data/johnny/DESY3/data/output/tiles/y3_gold_2.2.1_wide_sofcol_run_redmapper_v6.4.22_wv1.2_full_copa_v2.1_00565.hdf5
/data/des61.a/data/johnny/DESY3/data/output/tiles/y3_gold_2.2.1_wide_sofcol_run_redmapper_v6.4.22_wv1.2_full_copa_v2.1_00566.hdf5
/data/des61.a/data/johnny/DESY3/data/output/tiles/y3_gold_2.2.1_wide_sofcol_run_redmapper_v6.4.22_wv1.2_full_copa_v2.1_00567.hdf5
/data/des61.a/data/johnny/DESY3/data/output/tiles/y3_gold_2.2.1_wide_sofcol_run_redmapper_v6.4.22_wv1.2_full_copa_v2.1_00568.hdf5
/data/des61.a/data/johnny/DESY3/data/output/tiles/y3_gold_2.2.1_wide_sofcol_run_redmapper_v6.4.22_wv1.2_full_copa_v2.1_00569.hdf5
/data/des61.a/data/johnny/DESY3/data/output/tiles/y3_gold_2.2.1_wide_sofcol_run_redmapper_v6.4.22_wv1.2_full_copa_v2.1_00570.hdf5
/data/des61.a/data/johnny/DESY3/data/output/tiles/y3_gold_2.2.1_wide_sofcol_run_redmapper_v6.4.22_wv1.2_full_copa_v2.1_00571.hdf5
/data/des61.a/data/johnny/DESY3/data/output/tiles/y3_gold_2.2.1_wide_sofcol_run_redmapper_v6.4.22_wv1.2_full_copa_v2.1_00572.hdf5
/data/des61.a/data/johnny/DESY3/data/output/tiles/y3_gold_2.2.1_wide_sofcol_run_redmapper_v6.4.22_wv1.2_full_copa_v2.1_00573.hdf5
/data/des61.a/data/johnny/DESY3/data/output/tiles/y3_gold_2.2.1_wide_sofcol_run_redmapper_v6.4.22_wv1.2_full_copa_v2.1_00574.hdf5
/data/des61.a/data/johnny/DESY3/data/output/tiles/y3_gold_2.2.1_wide_sofcol_run_redmapper_v6.4.22_wv1.2_full_copa_v2.1_00575.hdf5
/data/des61.a/data/johnny/DESY3/data/output/tiles/y3_gold_2.2.1_wide_sofcol_run_redmapper_v6.4.22_wv1.2_full_copa_v2.1_00608.hdf5
/data/des61.a/data/johnny/DESY3/data/output/tiles/y3_gold_2.2.1_wide_sofcol_run_redmapper_v6.4.22_wv1.2_full_copa_v2.1_00610.hdf5
outdir: /data/des61.a/data/johnny/DESY3/data/output/
tile path: /data/des61.a/data/johnny/DESY3/data/output/tiles
Running pre_processing_healpix() instead 

