nohup: ignoring input
/cvmfs/des.opensciencegrid.org/fnal/anaconda2/envs/des18a/lib/python2.7/site-packages/h5py/__init__.py:36: FutureWarning: Conversion of the second argument of issubdtype from `float` to `np.floating` is deprecated. In future, it will be treated as `np.float64 == np.dtype(float).type`.
  from ._conv import register_converters as _register_converters
/home/s1/jesteves/git/ccopa/python/copac/probRadial.py:511: RuntimeWarning: divide by zero encountered in double_scalars
  prior = 1 - (nb*area/np.sum(probz))
/home/s1/jesteves/git/ccopa/python/copac/probRadial.py:484: RuntimeWarning: invalid value encountered in divide
  return ng/norm
/home/s1/jesteves/git/ccopa/python/copac/probRadial.py:511: RuntimeWarning: divide by zero encountered in double_scalars
  prior = 1 - (nb*area/np.sum(probz))
/home/s1/jesteves/git/ccopa/python/copac/probRadial.py:484: RuntimeWarning: invalid value encountered in divide
  return ng/norm
/cvmfs/des.opensciencegrid.org/fnal/anaconda2/envs/des18a/lib/python2.7/site-packages/scipy/interpolate/interpolate.py:595: RuntimeWarning: invalid value encountered in true_divide
  slope = (y_hi - y_lo) / (x_hi - x_lo)[:, None]
/home/s1/jesteves/git/ccopa/python/copac/assignProb.py:265: RuntimeWarning: invalid value encountered in divide
  return prod/(norm+eps)
/home/s1/jesteves/git/ccopa/python/copac/assignProb.py:263: RuntimeWarning: invalid value encountered in multiply
  prod = pdf1*pdf2
/cvmfs/des.opensciencegrid.org/fnal/anaconda2/envs/des18a/lib/python2.7/site-packages/scipy/interpolate/interpolate.py:595: RuntimeWarning: invalid value encountered in true_divide
  slope = (y_hi - y_lo) / (x_hi - x_lo)[:, None]
/home/s1/jesteves/git/ccopa/python/copac/assignProb.py:265: RuntimeWarning: invalid value encountered in divide
  return prod/(norm+eps)
/home/s1/jesteves/git/ccopa/python/copac/assignProb.py:263: RuntimeWarning: invalid value encountered in multiply
  prod = pdf1*pdf2
/home/s1/jesteves/git/ccopa/python/copac/probRadial.py:511: RuntimeWarning: divide by zero encountered in double_scalars
  prior = 1 - (nb*area/np.sum(probz))
/home/s1/jesteves/git/ccopa/python/copac/probRadial.py:484: RuntimeWarning: invalid value encountered in divide
  return ng/norm
/cvmfs/des.opensciencegrid.org/fnal/anaconda2/envs/des18a/lib/python2.7/site-packages/scipy/interpolate/interpolate.py:595: RuntimeWarning: invalid value encountered in true_divide
  slope = (y_hi - y_lo) / (x_hi - x_lo)[:, None]
/home/s1/jesteves/git/ccopa/python/copac/assignProb.py:265: RuntimeWarning: invalid value encountered in divide
  return prod/(norm+eps)
/home/s1/jesteves/git/ccopa/python/copac/assignProb.py:263: RuntimeWarning: invalid value encountered in multiply
  prod = pdf1*pdf2
/home/s1/jesteves/git/ccopa/python/copac/probRadial.py:511: RuntimeWarning: divide by zero encountered in double_scalars
  prior = 1 - (nb*area/np.sum(probz))
/home/s1/jesteves/git/ccopa/python/copac/probRadial.py:484: RuntimeWarning: invalid value encountered in divide
  return ng/norm
/home/s1/jesteves/git/ccopa/python/copac/probRadial.py:484: RuntimeWarning: invalid value encountered in divide
  return ng/norm
/home/s1/jesteves/git/ccopa/python/copac/probRadial.py:511: RuntimeWarning: divide by zero encountered in double_scalars
  prior = 1 - (nb*area/np.sum(probz))
/home/s1/jesteves/git/ccopa/python/copac/probRadial.py:511: RuntimeWarning: divide by zero encountered in double_scalars
  prior = 1 - (nb*area/np.sum(probz))
/home/s1/jesteves/git/ccopa/python/copac/probRadial.py:484: RuntimeWarning: invalid value encountered in divide
  return ng/norm
/cvmfs/des.opensciencegrid.org/fnal/anaconda2/envs/des18a/lib/python2.7/site-packages/scipy/interpolate/interpolate.py:595: RuntimeWarning: invalid value encountered in true_divide
  slope = (y_hi - y_lo) / (x_hi - x_lo)[:, None]
/home/s1/jesteves/git/ccopa/python/copac/assignProb.py:265: RuntimeWarning: invalid value encountered in divide
  return prod/(norm+eps)
/home/s1/jesteves/git/ccopa/python/copac/assignProb.py:263: RuntimeWarning: invalid value encountered in multiply
  prod = pdf1*pdf2
/home/s1/jesteves/git/ccopa/python/copac/probRadial.py:511: RuntimeWarning: divide by zero encountered in double_scalars
  prior = 1 - (nb*area/np.sum(probz))
/home/s1/jesteves/git/ccopa/python/copac/probRadial.py:484: RuntimeWarning: invalid value encountered in divide
  return ng/norm
/cvmfs/des.opensciencegrid.org/fnal/anaconda2/envs/des18a/lib/python2.7/site-packages/scipy/interpolate/interpolate.py:595: RuntimeWarning: invalid value encountered in true_divide
  slope = (y_hi - y_lo) / (x_hi - x_lo)[:, None]
/home/s1/jesteves/git/ccopa/python/copac/assignProb.py:265: RuntimeWarning: invalid value encountered in divide
  return prod/(norm+eps)
/home/s1/jesteves/git/ccopa/python/copac/assignProb.py:263: RuntimeWarning: invalid value encountered in multiply
  prod = pdf1*pdf2
/cvmfs/des.opensciencegrid.org/fnal/anaconda2/envs/des18a/lib/python2.7/site-packages/scipy/interpolate/interpolate.py:595: RuntimeWarning: invalid value encountered in true_divide
  slope = (y_hi - y_lo) / (x_hi - x_lo)[:, None]
/home/s1/jesteves/git/ccopa/python/copac/assignProb.py:265: RuntimeWarning: invalid value encountered in divide
  return prod/(norm+eps)
/home/s1/jesteves/git/ccopa/python/copac/assignProb.py:263: RuntimeWarning: invalid value encountered in multiply
  prod = pdf1*pdf2
/home/s1/jesteves/git/ccopa/python/copac/probRadial.py:511: RuntimeWarning: divide by zero encountered in double_scalars
  prior = 1 - (nb*area/np.sum(probz))
/home/s1/jesteves/git/ccopa/python/copac/probRadial.py:484: RuntimeWarning: invalid value encountered in divide
  return ng/norm
/cvmfs/des.opensciencegrid.org/fnal/anaconda2/envs/des18a/lib/python2.7/site-packages/scipy/interpolate/interpolate.py:595: RuntimeWarning: invalid value encountered in true_divide
  slope = (y_hi - y_lo) / (x_hi - x_lo)[:, None]
/home/s1/jesteves/git/ccopa/python/copac/assignProb.py:265: RuntimeWarning: invalid value encountered in divide
  return prod/(norm+eps)
/home/s1/jesteves/git/ccopa/python/copac/assignProb.py:263: RuntimeWarning: invalid value encountered in multiply
  prod = pdf1*pdf2
/cvmfs/des.opensciencegrid.org/fnal/anaconda2/envs/des18a/lib/python2.7/site-packages/scipy/interpolate/interpolate.py:595: RuntimeWarning: invalid value encountered in true_divide
  slope = (y_hi - y_lo) / (x_hi - x_lo)[:, None]
/home/s1/jesteves/git/ccopa/python/copac/assignProb.py:263: RuntimeWarning: invalid value encountered in multiply
  prod = pdf1*pdf2
/home/s1/jesteves/git/ccopa/python/copac/assignProb.py:265: RuntimeWarning: invalid value encountered in divide
  return prod/(norm+eps)
/home/s1/jesteves/git/ccopa/python/copac/probRadial.py:511: RuntimeWarning: divide by zero encountered in double_scalars
  prior = 1 - (nb*area/np.sum(probz))
/home/s1/jesteves/git/ccopa/python/copac/probRadial.py:484: RuntimeWarning: invalid value encountered in divide
  return ng/norm
/home/s1/jesteves/git/ccopa/python/copac/probRadial.py:511: RuntimeWarning: invalid value encountered in double_scalars
  prior = 1 - (nb*area/np.sum(probz))
/home/s1/jesteves/git/ccopa/python/copac/probRadial.py:511: RuntimeWarning: divide by zero encountered in double_scalars
  prior = 1 - (nb*area/np.sum(probz))
/home/s1/jesteves/git/ccopa/python/copac/probRadial.py:484: RuntimeWarning: invalid value encountered in divide
  return ng/norm
/cvmfs/des.opensciencegrid.org/fnal/anaconda2/envs/des18a/lib/python2.7/site-packages/scipy/interpolate/interpolate.py:595: RuntimeWarning: invalid value encountered in true_divide
  slope = (y_hi - y_lo) / (x_hi - x_lo)[:, None]
/home/s1/jesteves/git/ccopa/python/copac/assignProb.py:265: RuntimeWarning: invalid value encountered in divide
  return prod/(norm+eps)
/home/s1/jesteves/git/ccopa/python/copac/assignProb.py:263: RuntimeWarning: invalid value encountered in multiply
  prod = pdf1*pdf2
/home/s1/jesteves/git/ccopa/python/copac/probRadial.py:511: RuntimeWarning: divide by zero encountered in double_scalars
  prior = 1 - (nb*area/np.sum(probz))
/home/s1/jesteves/git/ccopa/python/copac/probRadial.py:484: RuntimeWarning: invalid value encountered in divide
  return ng/norm
/home/s1/jesteves/git/ccopa/python/copac/probRadial.py:511: RuntimeWarning: divide by zero encountered in double_scalars
  prior = 1 - (nb*area/np.sum(probz))
/home/s1/jesteves/git/ccopa/python/copac/probRadial.py:484: RuntimeWarning: invalid value encountered in divide
  return ng/norm
/home/s1/jesteves/git/ccopa/python/copac/probRadial.py:511: RuntimeWarning: invalid value encountered in double_scalars
  prior = 1 - (nb*area/np.sum(probz))
/cvmfs/des.opensciencegrid.org/fnal/anaconda2/envs/des18a/lib/python2.7/site-packages/scipy/interpolate/interpolate.py:595: RuntimeWarning: invalid value encountered in true_divide
  slope = (y_hi - y_lo) / (x_hi - x_lo)[:, None]
/home/s1/jesteves/git/ccopa/python/copac/assignProb.py:265: RuntimeWarning: invalid value encountered in divide
  return prod/(norm+eps)
/home/s1/jesteves/git/ccopa/python/copac/assignProb.py:263: RuntimeWarning: invalid value encountered in multiply
  prod = pdf1*pdf2
/home/s1/jesteves/git/ccopa/python/copac/probRadial.py:511: RuntimeWarning: divide by zero encountered in double_scalars
  prior = 1 - (nb*area/np.sum(probz))
/home/s1/jesteves/git/ccopa/python/copac/probRadial.py:484: RuntimeWarning: invalid value encountered in divide
  return ng/norm
/home/s1/jesteves/git/ccopa/python/copac/probRadial.py:511: RuntimeWarning: divide by zero encountered in double_scalars
  prior = 1 - (nb*area/np.sum(probz))
/home/s1/jesteves/git/ccopa/python/copac/probRadial.py:484: RuntimeWarning: invalid value encountered in divide
  return ng/norm
/home/s1/jesteves/git/ccopa/python/copac/probRadial.py:511: RuntimeWarning: divide by zero encountered in double_scalars
  prior = 1 - (nb*area/np.sum(probz))
/home/s1/jesteves/git/ccopa/python/copac/probRadial.py:484: RuntimeWarning: invalid value encountered in divide
  return ng/norm
/home/s1/jesteves/git/ccopa/python/copac/probRadial.py:511: RuntimeWarning: divide by zero encountered in double_scalars
  prior = 1 - (nb*area/np.sum(probz))
/home/s1/jesteves/git/ccopa/python/copac/probRadial.py:484: RuntimeWarning: invalid value encountered in divide
  return ng/norm
/home/s1/jesteves/git/ccopa/python/copac/probRadial.py:511: RuntimeWarning: invalid value encountered in double_scalars
  prior = 1 - (nb*area/np.sum(probz))
/home/s1/jesteves/git/ccopa/python/copac/probRadial.py:511: RuntimeWarning: divide by zero encountered in double_scalars
  prior = 1 - (nb*area/np.sum(probz))
/home/s1/jesteves/git/ccopa/python/copac/probRadial.py:484: RuntimeWarning: invalid value encountered in divide
  return ng/norm
/home/s1/jesteves/git/ccopa/python/copac/probRadial.py:511: RuntimeWarning: divide by zero encountered in double_scalars
  prior = 1 - (nb*area/np.sum(probz))
/home/s1/jesteves/git/ccopa/python/copac/probRadial.py:484: RuntimeWarning: invalid value encountered in divide
  return ng/norm
/home/s1/jesteves/git/ccopa/python/copac/probRadial.py:511: RuntimeWarning: divide by zero encountered in double_scalars
  prior = 1 - (nb*area/np.sum(probz))
/home/s1/jesteves/git/ccopa/python/copac/probRadial.py:484: RuntimeWarning: invalid value encountered in divide
  return ng/norm
/home/s1/jesteves/git/ccopa/python/copac/probRadial.py:511: RuntimeWarning: invalid value encountered in double_scalars
  prior = 1 - (nb*area/np.sum(probz))
/cvmfs/des.opensciencegrid.org/fnal/anaconda2/envs/des18a/lib/python2.7/site-packages/scipy/interpolate/interpolate.py:595: RuntimeWarning: invalid value encountered in true_divide
  slope = (y_hi - y_lo) / (x_hi - x_lo)[:, None]
/home/s1/jesteves/git/ccopa/python/copac/assignProb.py:263: RuntimeWarning: invalid value encountered in multiply
  prod = pdf1*pdf2
/home/s1/jesteves/git/ccopa/python/copac/assignProb.py:265: RuntimeWarning: invalid value encountered in divide
  return prod/(norm+eps)
/cvmfs/des.opensciencegrid.org/fnal/anaconda2/envs/des18a/lib/python2.7/site-packages/scipy/interpolate/interpolate.py:595: RuntimeWarning: invalid value encountered in true_divide
  slope = (y_hi - y_lo) / (x_hi - x_lo)[:, None]
/home/s1/jesteves/git/ccopa/python/copac/assignProb.py:265: RuntimeWarning: invalid value encountered in divide
  return prod/(norm+eps)
/home/s1/jesteves/git/ccopa/python/copac/assignProb.py:263: RuntimeWarning: invalid value encountered in multiply
  prod = pdf1*pdf2
/cvmfs/des.opensciencegrid.org/fnal/anaconda2/envs/des18a/lib/python2.7/site-packages/scipy/interpolate/interpolate.py:595: RuntimeWarning: invalid value encountered in true_divide
  slope = (y_hi - y_lo) / (x_hi - x_lo)[:, None]
/home/s1/jesteves/git/ccopa/python/copac/assignProb.py:265: RuntimeWarning: invalid value encountered in divide
  return prod/(norm+eps)
/home/s1/jesteves/git/ccopa/python/copac/assignProb.py:263: RuntimeWarning: invalid value encountered in multiply
  prod = pdf1*pdf2
/cvmfs/des.opensciencegrid.org/fnal/anaconda2/envs/des18a/lib/python2.7/site-packages/scipy/interpolate/interpolate.py:595: RuntimeWarning: invalid value encountered in true_divide
  slope = (y_hi - y_lo) / (x_hi - x_lo)[:, None]
/home/s1/jesteves/git/ccopa/python/copac/assignProb.py:265: RuntimeWarning: invalid value encountered in divide
  return prod/(norm+eps)
/home/s1/jesteves/git/ccopa/python/copac/assignProb.py:263: RuntimeWarning: invalid value encountered in multiply
  prod = pdf1*pdf2
/cvmfs/des.opensciencegrid.org/fnal/anaconda2/envs/des18a/lib/python2.7/site-packages/scipy/interpolate/interpolate.py:595: RuntimeWarning: invalid value encountered in true_divide
  slope = (y_hi - y_lo) / (x_hi - x_lo)[:, None]
/home/s1/jesteves/git/ccopa/python/copac/assignProb.py:265: RuntimeWarning: invalid value encountered in divide
  return prod/(norm+eps)
/home/s1/jesteves/git/ccopa/python/copac/assignProb.py:263: RuntimeWarning: invalid value encountered in multiply
  prod = pdf1*pdf2
/cvmfs/des.opensciencegrid.org/fnal/anaconda2/envs/des18a/lib/python2.7/site-packages/scipy/interpolate/interpolate.py:595: RuntimeWarning: invalid value encountered in true_divide
  slope = (y_hi - y_lo) / (x_hi - x_lo)[:, None]
/home/s1/jesteves/git/ccopa/python/copac/assignProb.py:265: RuntimeWarning: invalid value encountered in divide
  return prod/(norm+eps)
/home/s1/jesteves/git/ccopa/python/copac/assignProb.py:263: RuntimeWarning: invalid value encountered in multiply
  prod = pdf1*pdf2
/cvmfs/des.opensciencegrid.org/fnal/anaconda2/envs/des18a/lib/python2.7/site-packages/scipy/interpolate/interpolate.py:595: RuntimeWarning: invalid value encountered in true_divide
  slope = (y_hi - y_lo) / (x_hi - x_lo)[:, None]
/home/s1/jesteves/git/ccopa/python/copac/assignProb.py:265: RuntimeWarning: invalid value encountered in divide
  return prod/(norm+eps)
/home/s1/jesteves/git/ccopa/python/copac/assignProb.py:263: RuntimeWarning: invalid value encountered in multiply
  prod = pdf1*pdf2
/cvmfs/des.opensciencegrid.org/fnal/anaconda2/envs/des18a/lib/python2.7/site-packages/scipy/interpolate/interpolate.py:595: RuntimeWarning: invalid value encountered in true_divide
  slope = (y_hi - y_lo) / (x_hi - x_lo)[:, None]
/home/s1/jesteves/git/ccopa/python/copac/assignProb.py:265: RuntimeWarning: invalid value encountered in divide
  return prod/(norm+eps)
/home/s1/jesteves/git/ccopa/python/copac/assignProb.py:263: RuntimeWarning: invalid value encountered in multiply
  prod = pdf1*pdf2
/cvmfs/des.opensciencegrid.org/fnal/anaconda2/envs/des18a/lib/python2.7/site-packages/scipy/interpolate/interpolate.py:595: RuntimeWarning: invalid value encountered in true_divide
  slope = (y_hi - y_lo) / (x_hi - x_lo)[:, None]
/home/s1/jesteves/git/ccopa/python/copac/assignProb.py:265: RuntimeWarning: invalid value encountered in divide
  return prod/(norm+eps)
/home/s1/jesteves/git/ccopa/python/copac/assignProb.py:263: RuntimeWarning: invalid value encountered in multiply
  prod = pdf1*pdf2
