master file: 
 /data/des61.a/data/johnny/DESY3/data/output/tiles/y3_gold_2.2.1_wide_sofcol_run_redmapper_v6.4.22_wv1.2_subsampled_copa_v2.1_00000.hdf5
/data/des61.a/data/johnny/DESY3/data/output/tiles/y3_gold_2.2.1_wide_sofcol_run_redmapper_v6.4.22_wv1.2_subsampled_copa_v2.1_00002.hdf5
/data/des61.a/data/johnny/DESY3/data/output/tiles/y3_gold_2.2.1_wide_sofcol_run_redmapper_v6.4.22_wv1.2_subsampled_copa_v2.1_00256.hdf5
/data/des61.a/data/johnny/DESY3/data/output/tiles/y3_gold_2.2.1_wide_sofcol_run_redmapper_v6.4.22_wv1.2_subsampled_copa_v2.1_00257.hdf5
/data/des61.a/data/johnny/DESY3/data/output/tiles/y3_gold_2.2.1_wide_sofcol_run_redmapper_v6.4.22_wv1.2_subsampled_copa_v2.1_00259.hdf5
/data/des61.a/data/johnny/DESY3/data/output/tiles/y3_gold_2.2.1_wide_sofcol_run_redmapper_v6.4.22_wv1.2_subsampled_copa_v2.1_00260.hdf5
/data/des61.a/data/johnny/DESY3/data/output/tiles/y3_gold_2.2.1_wide_sofcol_run_redmapper_v6.4.22_wv1.2_subsampled_copa_v2.1_00261.hdf5
/data/des61.a/data/johnny/DESY3/data/output/tiles/y3_gold_2.2.1_wide_sofcol_run_redmapper_v6.4.22_wv1.2_subsampled_copa_v2.1_00262.hdf5
/data/des61.a/data/johnny/DESY3/data/output/tiles/y3_gold_2.2.1_wide_sofcol_run_redmapper_v6.4.22_wv1.2_subsampled_copa_v2.1_00263.hdf5
/data/des61.a/data/johnny/DESY3/data/output/tiles/y3_gold_2.2.1_wide_sofcol_run_redmapper_v6.4.22_wv1.2_subsampled_copa_v2.1_00269.hdf5
/data/des61.a/data/johnny/DESY3/data/output/tiles/y3_gold_2.2.1_wide_sofcol_run_redmapper_v6.4.22_wv1.2_subsampled_copa_v2.1_00271.hdf5
/data/des61.a/data/johnny/DESY3/data/output/tiles/y3_gold_2.2.1_wide_sofcol_run_redmapper_v6.4.22_wv1.2_subsampled_copa_v2.1_00272.hdf5
/data/des61.a/data/johnny/DESY3/data/output/tiles/y3_gold_2.2.1_wide_sofcol_run_redmapper_v6.4.22_wv1.2_subsampled_copa_v2.1_00273.hdf5
/data/des61.a/data/johnny/DESY3/data/output/tiles/y3_gold_2.2.1_wide_sofcol_run_redmapper_v6.4.22_wv1.2_subsampled_copa_v2.1_00274.hdf5
/data/des61.a/data/johnny/DESY3/data/output/tiles/y3_gold_2.2.1_wide_sofcol_run_redmapper_v6.4.22_wv1.2_subsampled_copa_v2.1_00275.hdf5
/data/des61.a/data/johnny/DESY3/data/output/tiles/y3_gold_2.2.1_wide_sofcol_run_redmapper_v6.4.22_wv1.2_subsampled_copa_v2.1_00276.hdf5
/data/des61.a/data/johnny/DESY3/data/output/tiles/y3_gold_2.2.1_wide_sofcol_run_redmapper_v6.4.22_wv1.2_subsampled_copa_v2.1_00277.hdf5
/data/des61.a/data/johnny/DESY3/data/output/tiles/y3_gold_2.2.1_wide_sofcol_run_redmapper_v6.4.22_wv1.2_subsampled_copa_v2.1_00278.hdf5
/data/des61.a/data/johnny/DESY3/data/output/tiles/y3_gold_2.2.1_wide_sofcol_run_redmapper_v6.4.22_wv1.2_subsampled_copa_v2.1_00279.hdf5
outdir: /data/des61.a/data/johnny/DESY3/data/output/
tile path: /data/des61.a/data/johnny/DESY3/data/output/tiles
run     : dnf_rhod_02Lstar_test0
zfile   : dnf
zwindow : 0.03
---------------


run     : dnf_model_rhod_02Lstar_test0
zfile   : dnf_model
zwindow : -1.00


-------------------------
Starting BMA
divided in nchunks: 665
each tile divided in 35 chunks 

Healpixel: 00000
Numero de counts: 0
Numero de chunks: 35
sample size: 11181 

Healpixel: 00002
Esse caso
Numero de counts: 0
Numero de chunks: 1
sample size: 28 

Healpixel: 00256
Numero de counts: 0
Numero de chunks: 35
sample size: 39166 

Healpixel: 00257
Numero de counts: 0
Numero de chunks: 35
sample size: 52140 

Healpixel: 00259
Esse caso
Numero de counts: 0
Numero de chunks: 1
sample size: 92 

Healpixel: 00260
Numero de counts: 0
Numero de chunks: 35
sample size: 60415 

Healpixel: 00261
Numero de counts: 0
Numero de chunks: 35
sample size: 67966 

Healpixel: 00262
Numero de counts: 0
Numero de chunks: 35
sample size: 1396 

Healpixel: 00263
Numero de counts: 0
Numero de chunks: 35
sample size: 5112 

Healpixel: 00269
Numero de counts: 0
Numero de chunks: 35
sample size: 5166 

Healpixel: 00271
Numero de counts: 0
Numero de chunks: 35
sample size: 23092 

Healpixel: 00272
Numero de counts: 0
Numero de chunks: 35
sample size: 58063 

Healpixel: 00273
Numero de counts: 0
Numero de chunks: 35
sample size: 77250 

Healpixel: 00274
Numero de counts: 0
Numero de chunks: 35
sample size: 5006 

Healpixel: 00275
Numero de counts: 0
Numero de chunks: 35
sample size: 45347 

Healpixel: 00276
Numero de counts: 0
Numero de chunks: 35
sample size: 57371 

Healpixel: 00277
Numero de counts: 0
Numero de chunks: 35
sample size: 57512 

Healpixel: 00278
Numero de counts: 0
Numero de chunks: 35
sample size: 58847 

Healpixel: 00279
Numero de counts: 0
Numero de chunks: 35
sample size: 10033 

temp files
Total Sample Size: 635183
input : ['/data/des61.a/data/johnny/DESY3/data/output/temp_file/00279/dnf_model_rhod_02Lstar_test0_input_032.hdf5', '/data/des61.a/data/johnny/DESY3/data/output/temp_file/00279/dnf_model_rhod_02Lstar_test0_input_033.hdf5', '/data/des61.a/data/johnny/DESY3/data/output/temp_file/00279/dnf_model_rhod_02Lstar_test0_input_034.hdf5']
output: ['/data/des61.a/data/johnny/DESY3/data/output/temp_file/00279/dnf_model_rhod_02Lstar_test0_output_032.hdf5', '/data/des61.a/data/johnny/DESY3/data/output/temp_file/00279/dnf_model_rhod_02Lstar_test0_output_033.hdf5', '/data/des61.a/data/johnny/DESY3/data/output/temp_file/00279/dnf_model_rhod_02Lstar_test0_output_034.hdf5']
bma parallel
starting parallel process
runing on the following batches: [  0   1   2   3   4   5   6   7   8   9  10  11  12  13  14  15  16  17
  18  19  20  21  22  23  24  25  26  27  28  29  30  31  32  33  34  35
  36  37  38  39  40  41  42  43  44  45  46  47  48  49  50  51  52  53
  54  55  56  57  58  59  60  61  62  63  64  65  66  67  68  69  70  71
  72  73  74  75  76  77  78  79  80  81  82  83  84  85  86  87  88  89
  90  91  92  93  94  95  96  97  98  99 100 101 102 103 104 105 106 107
 108 109 110 111 112 113 114 115 116 117 118 119 120 121 122 123 124 125
 126 127 128 129 130 131 132 133 134 135 136 137 138 139 140 141 142 143
 144 145 146 147 148 149 150 151 152 153 154 155 156 157 158 159 160 161
 162 163 164 165 166 167 168 169 170 171 172 173 174 175 176 177 178 179
 180 181 182 183 184 185 186 187 188 189 190 191 192 193 194 195 196 197
 198 199 200 201 202 203 204 205 206 207 208 209 210 211 212 213 214 215
 216 217 218 219 220 221 222 223 224 225 226 227 228 229 230 231 232 233
 234 235 236 237 238 239 240 241 242 243 244 245 246 247 248 249 250 251
 252 253 254 255 256 257 258 259 260 261 262 263 264 265 266 267 268 269
 270 271 272 273 274 275 276 277 278 279 280 281 282 283 284 285 286 287
 288 289 290 291 292 293 294 295 296 297 298 299 300 301 302 303 304 305
 306 307 308 309 310 311 312 313 314 315 316 317 318 319 320 321 322 323
 324 325 326 327 328 329 330 331 332 333 334 335 336 337 338 339 340 341
 342 343 344 345 346 347 348 349 350 351 352 353 354 355 356 357 358 359
 360 361 362 363 364 365 366 367 368 369 370 371 372 373 374 375 376 377
 378 379 380 381 382 383 384 385 386 387 388 389 390 391 392 393 394 395
 396 397 398 399 400 401 402 403 404 405 406 407 408 409 410 411 412 413
 414 415 416 417 418 419 420 421 422 423 424 425 426 427 428 429 430 431
 432 433 434 435 436 437 438 439 440 441 442 443 444 445 446 447 448 449
 450 451 452 453 454 455 456 457 458 459 460 461 462 463 464 465 466 467
 468 469 470 471 472 473 474 475 476 477 478 479 480 481 482 483 484 485
 486 487 488 489 490 491 492 493 494 495 496 497 498 499 500 501 502 503
 504 505 506 507 508 509 510 511 512 513 514 515 516 517 518 519 520 521
 522 523 524 525 526 527 528 529 530 531 532 533 534 535 536 537 538 539
 540 541 542 543 544 545 546 547 548 549 550 551 552 553 554 555 556 557
 558 559 560 561 562 563 564 565 566 567 568 569 570 571 572 573 574 575
 576 577 578 579 580 581 582 583 584 585 586 587 588 589 590 591 592 593
 594 595 596]
ended smass calc
stellarMass total time: 25.96 min 

wrapping up temp files
bma out files
/data/des61.a/data/johnny/DESY3/data/output/temp_file/00000/dnf_model_rhod_02Lstar_test0_output_032.hdf5
/data/des61.a/data/johnny/DESY3/data/output/temp_file/00000/dnf_model_rhod_02Lstar_test0_output_033.hdf5
/data/des61.a/data/johnny/DESY3/data/output/temp_file/00000/dnf_model_rhod_02Lstar_test0_output_034.hdf5
Error: output table doesnt match input table
/data/des61.a/data/johnny/DESY3/data/output/tiles/y3_gold_2.2.1_wide_sofcol_run_redmapper_v6.4.22_wv1.2_subsampled_copa_v2.1_00000.hdf5 

all files combined with success
bma out files
/data/des61.a/data/johnny/DESY3/data/output/temp_file/00002/dnf_model_rhod_02Lstar_test0_output_000.hdf5
Error: output table doesnt match input table
/data/des61.a/data/johnny/DESY3/data/output/tiles/y3_gold_2.2.1_wide_sofcol_run_redmapper_v6.4.22_wv1.2_subsampled_copa_v2.1_00002.hdf5 

all files combined with success
bma out files
/data/des61.a/data/johnny/DESY3/data/output/temp_file/00256/dnf_model_rhod_02Lstar_test0_output_032.hdf5
/data/des61.a/data/johnny/DESY3/data/output/temp_file/00256/dnf_model_rhod_02Lstar_test0_output_033.hdf5
/data/des61.a/data/johnny/DESY3/data/output/temp_file/00256/dnf_model_rhod_02Lstar_test0_output_034.hdf5
Error: output table doesnt match input table
/data/des61.a/data/johnny/DESY3/data/output/tiles/y3_gold_2.2.1_wide_sofcol_run_redmapper_v6.4.22_wv1.2_subsampled_copa_v2.1_00256.hdf5 

all files combined with success
bma out files
/data/des61.a/data/johnny/DESY3/data/output/temp_file/00257/dnf_model_rhod_02Lstar_test0_output_032.hdf5
/data/des61.a/data/johnny/DESY3/data/output/temp_file/00257/dnf_model_rhod_02Lstar_test0_output_033.hdf5
/data/des61.a/data/johnny/DESY3/data/output/temp_file/00257/dnf_model_rhod_02Lstar_test0_output_034.hdf5
Error: output table doesnt match input table
/data/des61.a/data/johnny/DESY3/data/output/tiles/y3_gold_2.2.1_wide_sofcol_run_redmapper_v6.4.22_wv1.2_subsampled_copa_v2.1_00257.hdf5 

all files combined with success
bma out files
/data/des61.a/data/johnny/DESY3/data/output/temp_file/00259/dnf_model_rhod_02Lstar_test0_output_000.hdf5
Error: output table doesnt match input table
/data/des61.a/data/johnny/DESY3/data/output/tiles/y3_gold_2.2.1_wide_sofcol_run_redmapper_v6.4.22_wv1.2_subsampled_copa_v2.1_00259.hdf5 

